#
# A fatal error has been detected by the Java Runtime Environment:
#
#  EXCEPTION_ACCESS_VIOLATION (0xc0000005) at pc=0x00000000751d39e8, pid=4940, tid=0x00000000000005ac
#
# JRE version: Java(TM) SE Runtime Environment (8.0_144-b01) (build 1.8.0_144-b01)
# Java VM: Java HotSpot(TM) 64-Bit Server VM (25.144-b01 mixed mode windows-amd64 compressed oops)
# Problematic frame:
# V  [jvm.dll+0x439e8]
#
# Failed to write core dump. Minidumps are not enabled by default on client versions of Windows
#
# If you would like to submit a bug report, please visit:
#   http://bugreport.java.com/bugreport/crash.jsp
#

---------------  T H R E A D  ---------------

Current thread (0x000000001469d800):  JavaThread "C1 CompilerThread2" daemon [_thread_in_vm, id=1452, stack(0x0000000016400000,0x0000000016500000)]

siginfo: ExceptionCode=0xc0000005, reading address 0xffffffffffffffff

Registers:
RAX=0x000000001469d800, RBX=0x000000000318ec30, RCX=0x000000000318ec30, RDX=0x000000000318ec30
RSP=0x00000000164fcb20, RBP=0x0000000017696f00, RSI=0x000000000318ec30, RDI=0x0000000000000000
R8 =0x787bb290ffff0013, R9 =0x0000000000000015, R10=0x0000000017697130, R11=0x000000001990f440
R12=0x000000001469d800, R13=0x0000000017696f00, R14=0x000000001ab246b0, R15=0x00000000000000b6
RIP=0x00000000751d39e8, EFLAGS=0x0000000000010202

Top of Stack: (sp=0x00000000164fcb20)
0x00000000164fcb20:   00000000000000b6 00000000164ff0d0
0x00000000164fcb30:   00000000000000b6 0000000000000077
0x00000000164fcb40:   000000001b2d3488 00000000164ff0d0
0x00000000164fcb50:   00000000164fcc30 00000000751c0065
0x00000000164fcb60:   00000000000000e8 00000000751d3d79
0x00000000164fcb70:   0000000000000077 0000000000000077
0x00000000164fcb80:   0000000000000015 0000000000000000
0x00000000164fcb90:   0000000000000000 00000000170f0fe0
0x00000000164fcba0:   000000000314a1f0 00000000751d205b
0x00000000164fcbb0:   0000000000000000 000000001469d800
0x00000000164fcbc0:   000000001ab25820 00000000751bd04f
0x00000000164fcbd0:   000000001469d800 00000000751d7360
0x00000000164fcbe0:   000000001469d800 000000001469d800
0x00000000164fcbf0:   00000000170f0fe0 00000000755b19ab
0x00000000164fcc00:   0000000000000000 0000000000000000
0x00000000164fcc10:   000000001ab25820 00000000000000b7 

Instructions: (pc=0x00000000751d39e8)
0x00000000751d39c8:   00 48 8b da ff 15 1e 9a 59 00 44 0f b6 05 f2 06
0x00000000751d39d8:   7b 00 4c 8b e0 45 84 c0 74 39 4c 8b 03 48 8b cb
0x00000000751d39e8:   41 ff 50 08 84 c0 74 2b 83 7b 08 00 7e 25 0f b6
0x00000000751d39f8:   83 0e 01 00 00 c0 e8 03 a8 01 74 17 48 8b 03 48 


Register to memory mapping:

RAX=0x000000001469d800 is a thread
RBX=0x000000000318ec30 is an unknown value
RCX=0x000000000318ec30 is an unknown value
RDX=0x000000000318ec30 is an unknown value
RSP=0x00000000164fcb20 is pointing into the stack for thread: 0x000000001469d800
RBP=0x0000000017696f00 is an unknown value
RSI=0x000000000318ec30 is an unknown value
RDI=0x0000000000000000 is an unknown value
R8 =0x787bb290ffff0013 is an unknown value
R9 =0x0000000000000015 is an unknown value
R10=0x0000000017697130 is an unknown value
R11=0x000000001990f440 is an unknown value
R12=0x000000001469d800 is a thread
R13=0x0000000017696f00 is an unknown value
R14=0x000000001ab246b0 is an unknown value
R15=0x00000000000000b6 is an unknown value


Stack: [0x0000000016400000,0x0000000016500000],  sp=0x00000000164fcb20,  free space=1010k
Native frames: (J=compiled Java code, j=interpreted, Vv=VM code, C=native code)
V  [jvm.dll+0x439e8]
V  [jvm.dll+0x43d79]
V  [jvm.dll+0x4205b]
V  [jvm.dll+0x4219ab]
V  [jvm.dll+0x41c793]
V  [jvm.dll+0x41f5f7]
V  [jvm.dll+0x41fdbb]
V  [jvm.dll+0x420cb6]
V  [jvm.dll+0x420f18]
V  [jvm.dll+0x42134b]
V  [jvm.dll+0x420ea5]
V  [jvm.dll+0x41cc12]
V  [jvm.dll+0x41f5f7]
V  [jvm.dll+0x41fdbb]
V  [jvm.dll+0x420cb6]
V  [jvm.dll+0x420f18]
V  [jvm.dll+0x42134b]
V  [jvm.dll+0x420ea5]
V  [jvm.dll+0x41cc12]
V  [jvm.dll+0x41f5f7]
V  [jvm.dll+0x41feed]
V  [jvm.dll+0x420cb6]
V  [jvm.dll+0x420f18]
V  [jvm.dll+0x42134b]
V  [jvm.dll+0x420ea5]
V  [jvm.dll+0x41cc12]
V  [jvm.dll+0x41f5f7]
V  [jvm.dll+0x41fdbb]
V  [jvm.dll+0x420cb6]
V  [jvm.dll+0x420f18]
V  [jvm.dll+0x42134b]
V  [jvm.dll+0x420ea5]
V  [jvm.dll+0x41cc12]
V  [jvm.dll+0x41f5f7]
V  [jvm.dll+0x41feed]
V  [jvm.dll+0x420cb6]
V  [jvm.dll+0x420f18]
V  [jvm.dll+0x42134b]
V  [jvm.dll+0x420ea5]
V  [jvm.dll+0x41cc12]
V  [jvm.dll+0x41f5f7]
V  [jvm.dll+0x41fdbb]
V  [jvm.dll+0x420cb6]
V  [jvm.dll+0x420f18]
V  [jvm.dll+0x41cc12]
V  [jvm.dll+0x41f5f7]
V  [jvm.dll+0x41fdbb]
V  [jvm.dll+0x420cb6]
V  [jvm.dll+0x420f18]
V  [jvm.dll+0x41cc12]
V  [jvm.dll+0x41f5f7]
V  [jvm.dll+0x41feed]
V  [jvm.dll+0x4202e2]
V  [jvm.dll+0x4253b5]
V  [jvm.dll+0x4254c0]
V  [jvm.dll+0x40eb88]
V  [jvm.dll+0x40edf1]
V  [jvm.dll+0x40efb2]
V  [jvm.dll+0x40f181]
V  [jvm.dll+0x40f38f]
V  [jvm.dll+0xa5dc2]
V  [jvm.dll+0xa66ff]
V  [jvm.dll+0x24524f]
V  [jvm.dll+0x29ca6a]
C  [msvcr100.dll+0x21d9f]
C  [msvcr100.dll+0x21e3b]
C  [KERNEL32.DLL+0x17c24]
C  [ntdll.dll+0x6d721]


Current CompileTask:
C1: 194274 6001       3       android.content.res.TypedArray::$$robo$$android_content_res_TypedArray$loadStringValueAt (51 bytes)


---------------  P R O C E S S  ---------------

Java Threads: ( => current thread )
  0x00000000179bf800 JavaThread "Java2D Disposer" daemon [_thread_blocked, id=9444, stack(0x0000000019ce0000,0x0000000019de0000)]
  0x0000000015dee000 JavaThread "SDK 28 Main Thread" [_thread_blocked, id=984, stack(0x0000000018a10000,0x0000000018b10000)]
  0x0000000016b79000 JavaThread "/127.0.0.1:56291 to /127.0.0.1:56281 workers Thread 3" [_thread_in_native, id=11008, stack(0x0000000018510000,0x0000000018610000)]
  0x0000000016782000 JavaThread "/127.0.0.1:56291 to /127.0.0.1:56281 workers Thread 2" [_thread_blocked, id=11224, stack(0x0000000018410000,0x0000000018510000)]
  0x00000000168f8800 JavaThread "Test worker" [_thread_blocked, id=6452, stack(0x0000000017fd0000,0x00000000180d0000)]
  0x0000000015b1c000 JavaThread "Service Thread" daemon [_thread_blocked, id=10148, stack(0x0000000016500000,0x0000000016600000)]
=>0x000000001469d800 JavaThread "C1 CompilerThread2" daemon [_thread_in_vm, id=1452, stack(0x0000000016400000,0x0000000016500000)]
  0x0000000014695000 JavaThread "C2 CompilerThread1" daemon [_thread_blocked, id=7380, stack(0x0000000016300000,0x0000000016400000)]
  0x0000000014694000 JavaThread "C2 CompilerThread0" daemon [_thread_blocked, id=11004, stack(0x0000000016200000,0x0000000016300000)]
  0x0000000014692000 JavaThread "Attach Listener" daemon [_thread_blocked, id=1376, stack(0x0000000016100000,0x0000000016200000)]
  0x0000000014691000 JavaThread "Signal Dispatcher" daemon [_thread_blocked, id=3092, stack(0x0000000016000000,0x0000000016100000)]
  0x000000000323b800 JavaThread "Finalizer" daemon [_thread_blocked, id=9944, stack(0x00000000158c0000,0x00000000159c0000)]
  0x0000000014629000 JavaThread "Reference Handler" daemon [_thread_blocked, id=6972, stack(0x00000000157c0000,0x00000000158c0000)]
  0x000000000187e000 JavaThread "main" [_thread_blocked, id=3048, stack(0x0000000003040000,0x0000000003140000)]

Other Threads:
  0x0000000014627800 VMThread [stack: 0x00000000156c0000,0x00000000157c0000] [id=12504]
  0x0000000015bdb000 WatcherThread [stack: 0x0000000016600000,0x0000000016700000] [id=12164]

VM state:synchronizing (normal execution)

VM Mutex/Monitor currently owned by a thread:  ([mutex/lock_event])
[0x000000000187d380] Threads_lock - owner thread: 0x0000000014627800

Heap:
 PSYoungGen      total 83968K, used 72276K [0x00000000f5580000, 0x00000000fac80000, 0x0000000100000000)
  eden space 78848K, 90% used [0x00000000f5580000,0x00000000f9b6d8a8,0x00000000fa280000)
  from space 5120K, 13% used [0x00000000fa780000,0x00000000fa827820,0x00000000fac80000)
  to   space 5120K, 0% used [0x00000000fa280000,0x00000000fa280000,0x00000000fa780000)
 ParOldGen       total 92160K, used 78930K [0x00000000e0000000, 0x00000000e5a00000, 0x00000000f5580000)
  object space 92160K, 85% used [0x00000000e0000000,0x00000000e4d14808,0x00000000e5a00000)
 Metaspace       used 59716K, capacity 67248K, committed 67328K, reserved 1107968K
  class space    used 7062K, capacity 9174K, committed 9216K, reserved 1048576K

Card table byte_map: [0x0000000012600000,0x0000000012710000] byte_map_base: 0x0000000011f00000

Marking Bits: (ParMarkBitMap*) 0x00000000759ad850
 Begin Bits: [0x0000000012bc0000, 0x00000000133c0000)
 End Bits:   [0x00000000133c0000, 0x0000000013bc0000)

Polling page: 0x0000000000ff0000

CodeCache: size=245760Kb used=18760Kb max_used=18772Kb free=226999Kb
 bounds [0x0000000003240000, 0x00000000044b0000, 0x0000000012240000]
 total_blobs=6363 nmethods=5076 adapters=1199
 compilation: enabled

Compilation events (10 events):
Event: 189.995 Thread 0x0000000014694000 nmethod 6012 0x000000000437f010 code [0x000000000437f140, 0x000000000437f1d8]
Event: 189.997 Thread 0x0000000014695000 nmethod 6013 0x00000000044a1b50 code [0x00000000044a1ca0, 0x00000000044a1db8]
Event: 189.997 Thread 0x0000000014694000 6014       4       java.nio.charset.Charset::atBugLevel (44 bytes)
Event: 189.999 Thread 0x0000000014694000 nmethod 6014 0x000000000448b890 code [0x000000000448b9c0, 0x000000000448bb18]
Event: 190.001 Thread 0x0000000014695000 6015       4       java.nio.charset.CharsetDecoder::<init> (108 bytes)
Event: 190.001 Thread 0x0000000014694000 6016       4       java.nio.charset.CharsetDecoder::replaceWith (68 bytes)
Event: 190.003 Thread 0x0000000014694000 nmethod 6016 0x00000000044a1790 code [0x00000000044a18e0, 0x00000000044a1a18]
Event: 190.004 Thread 0x0000000014694000 6017       4       java.lang.String::<init> (38 bytes)
Event: 190.006 Thread 0x0000000014695000 nmethod 6015 0x00000000044a0fd0 code [0x00000000044a1140, 0x00000000044a14d8]
Event: 190.006 Thread 0x0000000014695000 6018   !   4       java.lang.StringCoding::decode (216 bytes)

GC Heap History (10 events):
Event: 186.873 GC heap before
{Heap before GC invocations=55 (full 3):
 PSYoungGen      total 52224K, used 47840K [0x00000000f5580000, 0x00000000f9580000, 0x0000000100000000)
  eden space 47616K, 100% used [0x00000000f5580000,0x00000000f8400000,0x00000000f8400000)
  from space 4608K, 4% used [0x00000000f8400000,0x00000000f8438000,0x00000000f8880000)
  to   space 4608K, 0% used [0x00000000f9100000,0x00000000f9100000,0x00000000f9580000)
 ParOldGen       total 92160K, used 72292K [0x00000000e0000000, 0x00000000e5a00000, 0x00000000f5580000)
  object space 92160K, 78% used [0x00000000e0000000,0x00000000e46992f0,0x00000000e5a00000)
 Metaspace       used 59426K, capacity 66556K, committed 66816K, reserved 1107968K
  class space    used 7048K, capacity 9148K, committed 9216K, reserved 1048576K
Event: 186.878 GC heap after
Heap after GC invocations=55 (full 3):
 PSYoungGen      total 60928K, used 544K [0x00000000f5580000, 0x00000000f9500000, 0x0000000100000000)
  eden space 56832K, 0% used [0x00000000f5580000,0x00000000f5580000,0x00000000f8d00000)
  from space 4096K, 13% used [0x00000000f9100000,0x00000000f9188000,0x00000000f9500000)
  to   space 4096K, 0% used [0x00000000f8d00000,0x00000000f8d00000,0x00000000f9100000)
 ParOldGen       total 92160K, used 72378K [0x00000000e0000000, 0x00000000e5a00000, 0x00000000f5580000)
  object space 92160K, 78% used [0x00000000e0000000,0x00000000e46ae9c0,0x00000000e5a00000)
 Metaspace       used 59426K, capacity 66556K, committed 66816K, reserved 1107968K
  class space    used 7048K, capacity 9148K, committed 9216K, reserved 1048576K
}
Event: 187.192 GC heap before
{Heap before GC invocations=56 (full 3):
 PSYoungGen      total 60928K, used 57376K [0x00000000f5580000, 0x00000000f9500000, 0x0000000100000000)
  eden space 56832K, 100% used [0x00000000f5580000,0x00000000f8d00000,0x00000000f8d00000)
  from space 4096K, 13% used [0x00000000f9100000,0x00000000f9188000,0x00000000f9500000)
  to   space 4096K, 0% used [0x00000000f8d00000,0x00000000f8d00000,0x00000000f9100000)
 ParOldGen       total 92160K, used 72378K [0x00000000e0000000, 0x00000000e5a00000, 0x00000000f5580000)
  object space 92160K, 78% used [0x00000000e0000000,0x00000000e46ae9c0,0x00000000e5a00000)
 Metaspace       used 59477K, capacity 66722K, committed 66816K, reserved 1107968K
  class space    used 7049K, capacity 9149K, committed 9216K, reserved 1048576K
Event: 187.199 GC heap after
Heap after GC invocations=56 (full 3):
 PSYoungGen      total 60928K, used 605K [0x00000000f5580000, 0x00000000f9f80000, 0x0000000100000000)
  eden space 56832K, 0% used [0x00000000f5580000,0x00000000f5580000,0x00000000f8d00000)
  from space 4096K, 14% used [0x00000000f8d00000,0x00000000f8d97670,0x00000000f9100000)
  to   space 4096K, 0% used [0x00000000f9b80000,0x00000000f9b80000,0x00000000f9f80000)
 ParOldGen       total 92160K, used 72871K [0x00000000e0000000, 0x00000000e5a00000, 0x00000000f5580000)
  object space 92160K, 79% used [0x00000000e0000000,0x00000000e4729fa8,0x00000000e5a00000)
 Metaspace       used 59477K, capacity 66722K, committed 66816K, reserved 1107968K
  class space    used 7049K, capacity 9149K, committed 9216K, reserved 1048576K
}
Event: 188.400 GC heap before
{Heap before GC invocations=57 (full 3):
 PSYoungGen      total 60928K, used 57437K [0x00000000f5580000, 0x00000000f9f80000, 0x0000000100000000)
  eden space 56832K, 100% used [0x00000000f5580000,0x00000000f8d00000,0x00000000f8d00000)
  from space 4096K, 14% used [0x00000000f8d00000,0x00000000f8d97670,0x00000000f9100000)
  to   space 4096K, 0% used [0x00000000f9b80000,0x00000000f9b80000,0x00000000f9f80000)
 ParOldGen       total 92160K, used 72871K [0x00000000e0000000, 0x00000000e5a00000, 0x00000000f5580000)
  object space 92160K, 79% used [0x00000000e0000000,0x00000000e4729fa8,0x00000000e5a00000)
 Metaspace       used 59583K, capacity 66830K, committed 67072K, reserved 1107968K
  class space    used 7055K, capacity 9161K, committed 9216K, reserved 1048576K
Event: 188.411 GC heap after
Heap after GC invocations=57 (full 3):
 PSYoungGen      total 70656K, used 4096K [0x00000000f5580000, 0x00000000fa180000, 0x0000000100000000)
  eden space 66560K, 0% used [0x00000000f5580000,0x00000000f5580000,0x00000000f9680000)
  from space 4096K, 100% used [0x00000000f9b80000,0x00000000f9f80000,0x00000000f9f80000)
  to   space 5120K, 0% used [0x00000000f9680000,0x00000000f9680000,0x00000000f9b80000)
 ParOldGen       total 92160K, used 74019K [0x00000000e0000000, 0x00000000e5a00000, 0x00000000f5580000)
  object space 92160K, 80% used [0x00000000e0000000,0x00000000e4848cf8,0x00000000e5a00000)
 Metaspace       used 59583K, capacity 66830K, committed 67072K, reserved 1107968K
  class space    used 7055K, capacity 9161K, committed 9216K, reserved 1048576K
}
Event: 188.792 GC heap before
{Heap before GC invocations=58 (full 3):
 PSYoungGen      total 70656K, used 70656K [0x00000000f5580000, 0x00000000fa180000, 0x0000000100000000)
  eden space 66560K, 100% used [0x00000000f5580000,0x00000000f9680000,0x00000000f9680000)
  from space 4096K, 100% used [0x00000000f9b80000,0x00000000f9f80000,0x00000000f9f80000)
  to   space 5120K, 0% used [0x00000000f9680000,0x00000000f9680000,0x00000000f9b80000)
 ParOldGen       total 92160K, used 74019K [0x00000000e0000000, 0x00000000e5a00000, 0x00000000f5580000)
  object space 92160K, 80% used [0x00000000e0000000,0x00000000e4848cf8,0x00000000e5a00000)
 Metaspace       used 59617K, capacity 66896K, committed 67072K, reserved 1107968K
  class space    used 7058K, capacity 9166K, committed 9216K, reserved 1048576K
Event: 188.800 GC heap after
Heap after GC invocations=58 (full 3):
 PSYoungGen      total 71680K, used 608K [0x00000000f5580000, 0x00000000fac80000, 0x0000000100000000)
  eden space 66560K, 0% used [0x00000000f5580000,0x00000000f5580000,0x00000000f9680000)
  from space 5120K, 11% used [0x00000000f9680000,0x00000000f9718000,0x00000000f9b80000)
  to   space 5120K, 0% used [0x00000000fa780000,0x00000000fa780000,0x00000000fac80000)
 ParOldGen       total 92160K, used 78420K [0x00000000e0000000, 0x00000000e5a00000, 0x00000000f5580000)
  object space 92160K, 85% used [0x00000000e0000000,0x00000000e4c95220,0x00000000e5a00000)
 Metaspace       used 59617K, capacity 66896K, committed 67072K, reserved 1107968K
  class space    used 7058K, capacity 9166K, committed 9216K, reserved 1048576K
}
Event: 189.325 GC heap before
{Heap before GC invocations=59 (full 3):
 PSYoungGen      total 71680K, used 67168K [0x00000000f5580000, 0x00000000fac80000, 0x0000000100000000)
  eden space 66560K, 100% used [0x00000000f5580000,0x00000000f9680000,0x00000000f9680000)
  from space 5120K, 11% used [0x00000000f9680000,0x00000000f9718000,0x00000000f9b80000)
  to   space 5120K, 0% used [0x00000000fa780000,0x00000000fa780000,0x00000000fac80000)
 ParOldGen       total 92160K, used 78420K [0x00000000e0000000, 0x00000000e5a00000, 0x00000000f5580000)
  object space 92160K, 85% used [0x00000000e0000000,0x00000000e4c95220,0x00000000e5a00000)
 Metaspace       used 59672K, capacity 67068K, committed 67328K, reserved 1107968K
  class space    used 7059K, capacity 9168K, committed 9216K, reserved 1048576K
Event: 189.337 GC heap after
Heap after GC invocations=59 (full 3):
 PSYoungGen      total 83968K, used 670K [0x00000000f5580000, 0x00000000fac80000, 0x0000000100000000)
  eden space 78848K, 0% used [0x00000000f5580000,0x00000000f5580000,0x00000000fa280000)
  from space 5120K, 13% used [0x00000000fa780000,0x00000000fa827820,0x00000000fac80000)
  to   space 5120K, 0% used [0x00000000fa280000,0x00000000fa280000,0x00000000fa780000)
 ParOldGen       total 92160K, used 78930K [0x00000000e0000000, 0x00000000e5a00000, 0x00000000f5580000)
  object space 92160K, 85% used [0x00000000e0000000,0x00000000e4d14808,0x00000000e5a00000)
 Metaspace       used 59672K, capacity 67068K, committed 67328K, reserved 1107968K
  class space    used 7059K, capacity 9168K, committed 9216K, reserved 1048576K
}

Deoptimization events (10 events):
Event: 185.752 Thread 0x00000000168f8800 Uncommon trap: reason=class_check action=maybe_recompile pc=0x0000000003aaf17c method=com.google.common.collect.ImmutableSet$RegularSetBuilderImpl.add(Ljava/lang/Object;)Lcom/google/common/collect/ImmutableSet$SetBuilderImpl; @ 6
Event: 185.752 Thread 0x00000000168f8800 Uncommon trap: reason=class_check action=maybe_recompile pc=0x0000000003aaf17c method=com.google.common.collect.ImmutableSet$RegularSetBuilderImpl.add(Ljava/lang/Object;)Lcom/google/common/collect/ImmutableSet$SetBuilderImpl; @ 6
Event: 185.755 Thread 0x00000000168f8800 Uncommon trap: reason=unstable_if action=reinterpret pc=0x00000000039d6bc4 method=org.robolectric.internal.bytecode.MethodRef.equals(Ljava/lang/Object;)Z @ 2
Event: 185.758 Thread 0x0000000015dee000 Uncommon trap: reason=bimorphic action=maybe_recompile pc=0x0000000003d7e638 method=java.util.regex.Pattern$CharProperty.study(Ljava/util/regex/Pattern$TreeInfo;)Z @ 25
Event: 185.855 Thread 0x0000000015dee000 Uncommon trap: reason=unstable_if action=reinterpret pc=0x0000000004050774 method=org.robolectric.res.android.CppAssetManager2$Theme.SetTo(Lorg/robolectric/res/android/CppAssetManager2$Theme;)Z @ 53
Event: 185.855 Thread 0x0000000015dee000 Uncommon trap: reason=unstable_if action=reinterpret pc=0x0000000003fb3d6c method=org.robolectric.res.android.CppAssetManager2$Theme.SetTo(Lorg/robolectric/res/android/CppAssetManager2$Theme;)Z @ 53
Event: 187.533 Thread 0x0000000015dee000 Uncommon trap: reason=unstable_if action=reinterpret pc=0x0000000003853194 method=java.lang.CharacterDataLatin1.digit(II)I @ 82
Event: 187.543 Thread 0x0000000015dee000 Uncommon trap: reason=bimorphic action=maybe_recompile pc=0x0000000003d7e638 method=java.util.regex.Pattern$CharProperty.study(Ljava/util/regex/Pattern$TreeInfo;)Z @ 25
Event: 188.447 Thread 0x0000000015dee000 Uncommon trap: reason=unstable_if action=reinterpret pc=0x00000000042103d4 method=com.google.common.base.Objects.equal(Ljava/lang/Object;Ljava/lang/Object;)Z @ 2
Event: 188.513 Thread 0x0000000015dee000 Uncommon trap: reason=unstable_if action=reinterpret pc=0x000000000419f3e0 method=com.google.common.base.Objects.equal(Ljava/lang/Object;Ljava/lang/Object;)Z @ 2

Internal exceptions (10 events):
Event: 121.881 Thread 0x0000000015dee000 Exception <a 'sun/nio/fs/WindowsException'> (0x00000000f8124bb8) thrown at [C:\re\workspace\8-2-build-windows-amd64-cygwin\jdk8u144\9417\hotspot\src\share\vm\prims\jni.cpp, line 709]
Event: 132.422 Thread 0x0000000015dee000 Exception <a 'java/lang/NoSuchFieldError': method resolution failed> (0x00000000f6cc26e8) thrown at [C:\re\workspace\8-2-build-windows-amd64-cygwin\jdk8u144\9417\hotspot\src\share\vm\prims\methodHandles.cpp, line 1146]
Event: 146.831 Thread 0x0000000015dee000 Exception <a 'java/lang/NoSuchFieldError': method resolution failed> (0x00000000f7a033b8) thrown at [C:\re\workspace\8-2-build-windows-amd64-cygwin\jdk8u144\9417\hotspot\src\share\vm\prims\methodHandles.cpp, line 1146]
Event: 157.579 Thread 0x0000000015dee000 Exception <a 'java/io/FileNotFoundException'> (0x00000000f6c6a478) thrown at [C:\re\workspace\8-2-build-windows-amd64-cygwin\jdk8u144\9417\hotspot\src\share\vm\prims\jni.cpp, line 709]
Event: 159.206 Thread 0x0000000015dee000 Implicit null exception at 0x00000000034c1715 to 0x00000000034c1911
Event: 168.482 Thread 0x0000000015dee000 Exception <a 'java/lang/NoSuchMethodError': java.lang.Object.lambda$comparingDouble$8dcf42ea$1(Ljava/util/function/ToDoubleFunction;Ljava/lang/Object;Ljava/lang/Object;)I> (0x00000000f760fe68) thrown at [C:\re\workspace\8-2-build-windows-amd64-cygwin\jdk8
Event: 184.223 Thread 0x0000000015dee000 Implicit null exception at 0x0000000003981c83 to 0x0000000003981df1
Event: 185.072 Thread 0x0000000015dee000 Exception <a 'java/lang/NoSuchMethodError': java.lang.Object.lambda$get$0(Ljava/lang/Object;)V> (0x00000000f70edb08) thrown at [C:\re\workspace\8-2-build-windows-amd64-cygwin\jdk8u144\9417\hotspot\src\share\vm\interpreter\linkResolver.cpp, line 582]
Event: 185.851 Thread 0x0000000015dee000 Exception <a 'sun/nio/fs/WindowsException'> (0x00000000f7f4f700) thrown at [C:\re\workspace\8-2-build-windows-amd64-cygwin\jdk8u144\9417\hotspot\src\share\vm\prims\jni.cpp, line 709]
Event: 188.262 Thread 0x0000000015dee000 Exception <a 'sun/nio/fs/WindowsException'> (0x00000000f78ce3f0) thrown at [C:\re\workspace\8-2-build-windows-amd64-cygwin\jdk8u144\9417\hotspot\src\share\vm\prims\jni.cpp, line 709]

Events (10 events):
Event: 188.513 Thread 0x0000000015dee000 Uncommon trap: trap_request=0xffffff65 fr.pc=0x000000000419f3e0
Event: 188.513 Thread 0x0000000015dee000 DEOPT PACKING pc=0x000000000419f3e0 sp=0x0000000018b07a40
Event: 188.513 Thread 0x0000000015dee000 DEOPT UNPACKING pc=0x000000000328582a sp=0x0000000018b07980 mode 2
Event: 188.792 Executing VM operation: ParallelGCFailedAllocation
Event: 188.800 Executing VM operation: ParallelGCFailedAllocation done
Event: 189.325 Executing VM operation: ParallelGCFailedAllocation
Event: 189.337 Executing VM operation: ParallelGCFailedAllocation done
Event: 189.338 Executing VM operation: RevokeBias
Event: 189.338 Executing VM operation: RevokeBias done
Event: 190.028 Executing VM operation: RevokeBias


Dynamic libraries:
0x00007ff7efde0000 - 0x00007ff7efe17000 	C:\Program Files\Java\jdk1.8.0_144\bin\java.exe
0x00007ffb257e0000 - 0x00007ffb259d0000 	C:\WINDOWS\SYSTEM32\ntdll.dll
0x00007ffb23650000 - 0x00007ffb23702000 	C:\WINDOWS\System32\KERNEL32.DLL
0x00007ffb22450000 - 0x00007ffb226f5000 	C:\WINDOWS\System32\KERNELBASE.dll
0x00007ffb235a0000 - 0x00007ffb23643000 	C:\WINDOWS\System32\ADVAPI32.dll
0x00007ffb250c0000 - 0x00007ffb2515e000 	C:\WINDOWS\System32\msvcrt.dll
0x00007ffb239a0000 - 0x00007ffb23a37000 	C:\WINDOWS\System32\sechost.dll
0x00007ffb23a40000 - 0x00007ffb23b5f000 	C:\WINDOWS\System32\RPCRT4.dll
0x00007ffb23710000 - 0x00007ffb238a4000 	C:\WINDOWS\System32\USER32.dll
0x00007ffb22e80000 - 0x00007ffb22ea1000 	C:\WINDOWS\System32\win32u.dll
0x00007ffb23e70000 - 0x00007ffb23e96000 	C:\WINDOWS\System32\GDI32.dll
0x00007ffb221b0000 - 0x00007ffb22348000 	C:\WINDOWS\System32\gdi32full.dll
0x00007ffb21f00000 - 0x00007ffb21f9e000 	C:\WINDOWS\System32\msvcp_win.dll
0x00007ffb22350000 - 0x00007ffb2244a000 	C:\WINDOWS\System32\ucrtbase.dll
0x00007ffb05a50000 - 0x00007ffb05cd4000 	C:\WINDOWS\WinSxS\amd64_microsoft.windows.common-controls_6595b64144ccf1df_6.0.18362.1556_none_9e7e372fe45e41d5\COMCTL32.dll
0x00007ffb23260000 - 0x00007ffb23596000 	C:\WINDOWS\System32\combase.dll
0x00007ffb21de0000 - 0x00007ffb21e61000 	C:\WINDOWS\System32\bcryptPrimitives.dll
0x00007ffb230c0000 - 0x00007ffb230ee000 	C:\WINDOWS\System32\IMM32.DLL
0x00000000773a0000 - 0x0000000077472000 	C:\Program Files\Java\jdk1.8.0_144\jre\bin\msvcr100.dll
0x0000000075190000 - 0x0000000075a2d000 	C:\Program Files\Java\jdk1.8.0_144\jre\bin\server\jvm.dll
0x00007ffb24230000 - 0x00007ffb24238000 	C:\WINDOWS\System32\PSAPI.DLL
0x00007ffb13540000 - 0x00007ffb13549000 	C:\WINDOWS\SYSTEM32\WSOCK32.dll
0x00007ffb1ea90000 - 0x00007ffb1eab4000 	C:\WINDOWS\SYSTEM32\WINMM.dll
0x00007ffb23930000 - 0x00007ffb2399f000 	C:\WINDOWS\System32\WS2_32.dll
0x00007ffb14820000 - 0x00007ffb1482a000 	C:\WINDOWS\SYSTEM32\VERSION.dll
0x00007ffb1ea60000 - 0x00007ffb1ea8d000 	C:\WINDOWS\SYSTEM32\WINMMBASE.dll
0x00007ffb22eb0000 - 0x00007ffb22efa000 	C:\WINDOWS\System32\cfgmgr32.dll
0x0000000050550000 - 0x000000005055f000 	C:\Program Files\Java\jdk1.8.0_144\jre\bin\verify.dll
0x0000000050520000 - 0x0000000050549000 	C:\Program Files\Java\jdk1.8.0_144\jre\bin\java.dll
0x0000000050500000 - 0x0000000050516000 	C:\Program Files\Java\jdk1.8.0_144\jre\bin\zip.dll
0x00007ffb24240000 - 0x00007ffb24927000 	C:\WINDOWS\System32\SHELL32.dll
0x00007ffb23010000 - 0x00007ffb230b8000 	C:\WINDOWS\System32\shcore.dll
0x00007ffb22700000 - 0x00007ffb22e7b000 	C:\WINDOWS\System32\windows.storage.dll
0x00007ffb21d10000 - 0x00007ffb21d2e000 	C:\WINDOWS\System32\profapi.dll
0x00007ffb21d70000 - 0x00007ffb21dba000 	C:\WINDOWS\System32\powrprof.dll
0x00007ffb21d00000 - 0x00007ffb21d10000 	C:\WINDOWS\System32\UMPDC.dll
0x00007ffb23e10000 - 0x00007ffb23e62000 	C:\WINDOWS\System32\shlwapi.dll
0x00007ffb21d50000 - 0x00007ffb21d61000 	C:\WINDOWS\System32\kernel.appcore.dll
0x00007ffb21dc0000 - 0x00007ffb21dd7000 	C:\WINDOWS\System32\cryptsp.dll
0x00000000504e0000 - 0x00000000504fa000 	C:\Program Files\Java\jdk1.8.0_144\jre\bin\net.dll
0x00007ffb214e0000 - 0x00007ffb21547000 	C:\WINDOWS\system32\mswsock.dll
0x00000000504c0000 - 0x00000000504d1000 	C:\Program Files\Java\jdk1.8.0_144\jre\bin\nio.dll
0x00007ffb21060000 - 0x00007ffb21093000 	C:\WINDOWS\system32\rsaenh.dll
0x00007ffb21e70000 - 0x00007ffb21e96000 	C:\WINDOWS\System32\bcrypt.dll
0x00007ffb21bf0000 - 0x00007ffb21c15000 	C:\WINDOWS\SYSTEM32\USERENV.dll
0x00007ffb216b0000 - 0x00007ffb216bc000 	C:\WINDOWS\SYSTEM32\CRYPTBASE.dll
0x00007ffb211f0000 - 0x00007ffb2122a000 	C:\WINDOWS\SYSTEM32\IPHLPAPI.DLL
0x00007ffb230f0000 - 0x00007ffb230f8000 	C:\WINDOWS\System32\NSI.dll
0x00007ffb1afb0000 - 0x00007ffb1afc6000 	C:\WINDOWS\SYSTEM32\dhcpcsvc6.DLL
0x00007ffb1aee0000 - 0x00007ffb1aefc000 	C:\WINDOWS\SYSTEM32\dhcpcsvc.DLL
0x00007ffb21230000 - 0x00007ffb212fb000 	C:\WINDOWS\SYSTEM32\DNSAPI.dll
0x0000000050430000 - 0x0000000050454000 	C:\Program Files\Java\jdk1.8.0_144\jre\bin\sunec.dll
0x0000000050420000 - 0x000000005042b000 	C:\Program Files\Java\jdk1.8.0_144\jre\bin\sunmscapi.dll
0x00007ffb22050000 - 0x00007ffb221a1000 	C:\WINDOWS\System32\CRYPT32.dll
0x00007ffb21d30000 - 0x00007ffb21d42000 	C:\WINDOWS\System32\MSASN1.dll
0x0000000077e60000 - 0x0000000077ff8000 	C:\Program Files\Java\jdk1.8.0_144\jre\bin\awt.dll
0x00007ffb24f90000 - 0x00007ffb25055000 	C:\WINDOWS\System32\OLEAUT32.dll
0x00007ffb1ff90000 - 0x00007ffb2001f000 	C:\WINDOWS\SYSTEM32\apphelp.dll
0x00007ffb13140000 - 0x00007ffb13334000 	C:\WINDOWS\SYSTEM32\dbghelp.dll

VM Arguments:
jvm_args: -Djava.awt.headless=true -Djava.security.manager=worker.org.gradle.process.internal.worker.child.BootstrapSecurityManager -Dorg.gradle.native=false -Xmx512m -Dfile.encoding=windows-1252 -Duser.country=US -Duser.language=en -Duser.variant -ea 
java_command: worker.org.gradle.process.internal.worker.GradleWorkerMain 'Gradle Test Executor 1'
java_class_path (initial): C:\Users\Urfano\.gradle\caches\6.1.1\workerMain\gradle-worker.jar
Launcher Type: SUN_STANDARD

Environment Variables:
PATH=C:\ProgramData\Oracle\Java\javapath;C:\Program Files (x86)\Common Files\Oracle\Java\javapath;C:\Program Files\Java\jdk1.8.0_144\bin;C:\WINDOWS\system32;C:\WINDOWS;C:\WINDOWS\System32\Wbem;C:\WINDOWS\System32\WindowsPowerShell\v1.0\;C:\WINDOWS\System32\OpenSSH\;C:\Program Files\Microsoft VS Code\bin;C:\Program Files\PuTTY\;D:\Git\cmd;C:\ProgramData\chocolatey\bin;C:\Program Files\nodejs\;C:\xampp\php;C:\ProgramData\ComposerSetup\bin;C:\Program Files\Microsoft SQL Server\Client SDK\ODBC\130\Tools\Binn\;C:\Program Files (x86)\Microsoft SQL Server\140\Tools\Binn\;C:\Program Files\Microsoft SQL Server\140\Tools\Binn\;C:\Program Files\Microsoft SQL Server\140\DTS\Binn\;C:\Program Files (x86)\Microsoft SQL Server\150\DTS\Binn\;C:\Program Files\Azure Data Studio\bin;C:\Program Files\Microsoft SQL Server\130\Tools\Binn\;C:\Program Files (x86)\Microsoft SQL Server\110\DTS\Binn\;C:\Program Files (x86)\Microsoft SQL Server\120\DTS\Binn\;C:\Program Files (x86)\Microsoft SQL Server\130\DTS\Binn\;C:\Program Files (x86)\Microsoft SQL Server\140\DTS\Binn\;C:\Users\Urfano\AppData\Local\Programs\Python\Python39\Scripts\;C:\Users\Urfano\AppData\Local\Programs\Python\Python39\;C:\Users\Urfano\AppData\Local\Microsoft\WindowsApps;D:\PYTHON;C:\Users\Urfano\AppData\Roaming\npm;C:\Users\Urfano\AppData\Roaming\Composer\vendor\bin;C:\Program Files\Azure Data Studio\bin
USERNAME=Urfano
OS=Windows_NT
PROCESSOR_IDENTIFIER=Intel64 Family 6 Model 69 Stepping 1, GenuineIntel



---------------  S Y S T E M  ---------------

OS: Windows 10.0 , 64 bit Build 18362 (10.0.18362.1500)

CPU:total 4 (initial active 4) (2 cores per cpu, 2 threads per core) family 6 model 69 stepping 1, cmov, cx8, fxsr, mmx, sse, sse2, sse3, ssse3, sse4.1, sse4.2, popcnt, avx, avx2, aes, clmul, erms, lzcnt, ht, tsc, tscinvbit, bmi1, bmi2

Memory: 4k page, physical 4088172k(308476k free), swap 16671084k(4561128k free)

vm_info: Java HotSpot(TM) 64-Bit Server VM (25.144-b01) for windows-amd64 JRE (1.8.0_144-b01), built on Jul 21 2017 21:57:33 by "java_re" with MS VC++ 10.0 (VS2010)

time: Tue Dec 28 17:14:18 2021
elapsed time: 197 seconds (0d 0h 3m 17s)

